[    0.000000] Initializing cgroup subsys cpuset
[    0.000000] Initializing cgroup subsys cpu
[    0.000000] Initializing cgroup subsys cpuacct
[    0.000000] Linux version 4.4.0-210-generic (buildd@lgw01-amd64-009) (gcc version 5.4.0 20160609 (Ubuntu 5.4.0-6ubuntu1~16.04.12) ) #242-Ubuntu SMP Fri Apr 16 09:57:56 UTC 2021 (Ubuntu 4.4.0-210.242-generic 4.4.262)
[    0.000000] Command line: BOOT_IMAGE=/boot/vmlinuz-4.4.0-210-generic root=LABEL=cloudimg-rootfs ro console=tty1 console=ttyS0
[    0.000000] KERNEL supported cpus:
[    0.000000]   Intel GenuineIntel
[    0.000000]   AMD AuthenticAMD
[    0.000000]   Centaur CentaurHauls
[    0.000000] x86/fpu: Legacy x87 FPU detected.
[    0.000000] e820: BIOS-provided physical RAM map:
[    0.000000] BIOS-e820: [mem 0x0000000000000000-0x000000000009fbff] usable
[    0.000000] BIOS-e820: [mem 0x000000000009fc00-0x000000000009ffff] reserved
[    0.000000] BIOS-e820: [mem 0x00000000000f0000-0x00000000000fffff] reserved
[    0.000000] BIOS-e820: [mem 0x0000000000100000-0x000000000e3effff] usable
[    0.000000] BIOS-e820: [mem 0x000000000e3f0000-0x000000000e3fffff] ACPI data
[    0.000000] BIOS-e820: [mem 0x00000000fec00000-0x00000000fec00fff] reserved
[    0.000000] BIOS-e820: [mem 0x00000000fee00000-0x00000000fee00fff] reserved
[    0.000000] BIOS-e820: [mem 0x00000000fffc0000-0x00000000ffffffff] reserved
[    0.000000] NX (Execute Disable) protection: active
[    0.000000] SMBIOS 2.5 present.
[    0.000000] Hypervisor detected: KVM
[    0.000000] e820: last_pfn = 0xe3f0 max_arch_pfn = 0x400000000
[    0.000000] MTRR: Disabled
[    0.000000] x86/PAT: MTRRs disabled, skipping PAT initialization too.
[    0.000000] CPU MTRRs all blank - virtualized system.
[    0.000000] x86/PAT: Configuration [0-7]: WB  WT  UC- UC  WB  WT  UC- UC  
[    0.000000] found SMP MP-table at [mem 0x0009fff0-0x0009ffff] mapped at [ffff88000009fff0]
[    0.000000] Scanning 1 areas for low memory corruption
[    0.000000] RAMDISK: [mem 0x0ccc2000-0x0db4bfff]
[    0.000000] ACPI: Early table checksum verification disabled
[    0.000000] ACPI: RSDP 0x00000000000E0000 000024 (v02 VBOX  )
[    0.000000] ACPI: XSDT 0x000000000E3F0030 00003C (v01 VBOX   VBOXXSDT 00000001 ASL  00000061)
[    0.000000] ACPI: FACP 0x000000000E3F00F0 0000F4 (v04 VBOX   VBOXFACP 00000001 ASL  00000061)
[    0.000000] ACPI: DSDT 0x000000000E3F0610 002353 (v02 VBOX   VBOXBIOS 00000002 INTL 20100528)
[    0.000000] ACPI: FACS 0x000000000E3F0200 000040
[    0.000000] ACPI: FACS 0x000000000E3F0200 000040
[    0.000000] ACPI: APIC 0x000000000E3F0240 000054 (v02 VBOX   VBOXAPIC 00000001 ASL  00000061)
[    0.000000] ACPI: SSDT 0x000000000E3F02A0 00036C (v01 VBOX   VBOXCPUT 00000002 INTL 20100528)
[    0.000000] No NUMA configuration found
[    0.000000] Faking a node at [mem 0x0000000000000000-0x000000000e3effff]
[    0.000000] NODE_DATA(0) allocated [mem 0x0e3eb000-0x0e3effff]
[    0.000000] kvm-clock: Using msrs 4b564d01 and 4b564d00
[    0.000000] kvm-clock: cpu 0, msr 0:e3e3001, primary cpu clock
[    0.000000] kvm-clock: using sched offset of 5211451234 cycles
[    0.000000] clocksource: kvm-clock: mask: 0xffffffffffffffff max_cycles: 0x1cd42e4dffb, max_idle_ns: 881590591483 ns
[    0.000000] Zone ranges:
[    0.000000]   DMA      [mem 0x0000000000001000-0x0000000000ffffff]
[    0.000000]   DMA32    [mem 0x0000000001000000-0x000000000e3effff]
[    0.000000]   Normal   empty
[    0.000000]   Device   empty
[    0.000000] Movable zone start for each node
[    0.000000] Early memory node ranges
[    0.000000]   node   0: [mem 0x0000000000001000-0x000000000009efff]
[    0.000000]   node   0: [mem 0x0000000000100000-0x000000000e3effff]
[    0.000000] Initmem setup node 0 [mem 0x0000000000001000-0x000000000e3effff]
[    0.000000] ACPI: PM-Timer IO Port: 0x4008
[    0.000000] IOAPIC[0]: apic_id 1, version 32, address 0xfec00000, GSI 0-23
[    0.000000] ACPI: INT_SRC_OVR (bus 0 bus_irq 0 global_irq 2 dfl dfl)
[    0.000000] ACPI: INT_SRC_OVR (bus 0 bus_irq 9 global_irq 9 low level)
[    0.000000] Using ACPI (MADT) for SMP configuration information
[    0.000000] smpboot: Allowing 1 CPUs, 0 hotplug CPUs
[    0.000000] PM: Registered nosave memory: [mem 0x00000000-0x00000fff]
[    0.000000] PM: Registered nosave memory: [mem 0x0009f000-0x0009ffff]
[    0.000000] PM: Registered nosave memory: [mem 0x000a0000-0x000effff]
[    0.000000] PM: Registered nosave memory: [mem 0x000f0000-0x000fffff]
[    0.000000] e820: [mem 0x0e400000-0xfebfffff] available for PCI devices
[    0.000000] Booting paravirtualized kernel on KVM
[    0.000000] clocksource: refined-jiffies: mask: 0xffffffff max_cycles: 0xffffffff, max_idle_ns: 7645519600211568 ns
[    0.000000] setup_percpu: NR_CPUS:512 nr_cpumask_bits:512 nr_cpu_ids:1 nr_node_ids:1
[    0.000000] PERCPU: Embedded 33 pages/cpu @ffff88000e000000 s95192 r8192 d31784 u2097152
[    0.000000] Built 1 zonelists in Node order, mobility grouping on.  Total pages: 57320
[    0.000000] Policy zone: DMA32
[    0.000000] Kernel command line: BOOT_IMAGE=/boot/vmlinuz-4.4.0-210-generic root=LABEL=cloudimg-rootfs ro console=tty1 console=ttyS0
[    0.000000] PID hash table entries: 1024 (order: 1, 8192 bytes)
[    0.000000] Memory: 195136K/233016K available (8644K kernel code, 1332K rwdata, 4044K rodata, 1492K init, 1164K bss, 37880K reserved, 0K cma-reserved)
[    0.000000] SLUB: HWalign=64, Order=0-3, MinObjects=0, CPUs=1, Nodes=1
[    0.000000] Kernel/User page tables isolation: enabled
[    0.000000] Hierarchical RCU implementation.
[    0.000000] 	Build-time adjustment of leaf fanout to 64.
[    0.000000] 	RCU restricting CPUs from NR_CPUS=512 to nr_cpu_ids=1.
[    0.000000] RCU: Adjusting geometry for rcu_fanout_leaf=64, nr_cpu_ids=1
[    0.000000] NR_IRQS:33024 nr_irqs:256 16
[    0.000000] Console: colour VGA+ 80x25
[    0.000000] console [tty1] enabled
[    0.000000] console [ttyS0] enabled
[    0.000000] tsc: Detected 1439.954 MHz processor
[    0.735782] Calibrating delay loop (skipped) preset value.. 2879.90 BogoMIPS (lpj=5759816)
[    0.746411] pid_max: default: 32768 minimum: 301
[    0.752138] ACPI: Core revision 20150930
[    0.760977] ACPI: 2 ACPI AML tables successfully acquired and loaded
[    0.768847] Security Framework initialized
[    0.774213] Yama: becoming mindful.
[    0.779020] AppArmor: AppArmor initialized
[    0.784330] Dentry cache hash table entries: 32768 (order: 6, 262144 bytes)
[    0.792087] Inode-cache hash table entries: 16384 (order: 5, 131072 bytes)
[    0.799009] Mount-cache hash table entries: 512 (order: 0, 4096 bytes)
[    0.805554] Mountpoint-cache hash table entries: 512 (order: 0, 4096 bytes)
[    0.812825] Initializing cgroup subsys io
[    0.817340] Initializing cgroup subsys memory
[    0.822325] Initializing cgroup subsys devices
[    0.827091] Initializing cgroup subsys freezer
[    0.832285] Initializing cgroup subsys net_cls
[    0.837130] Initializing cgroup subsys perf_event
[    0.842369] Initializing cgroup subsys net_prio
[    0.847468] Initializing cgroup subsys hugetlb
[    0.852234] Initializing cgroup subsys pids
[    0.863124] mce: CPU supports 0 MCE banks
[    0.868369] process: using mwait in idle threads
[    0.875257] Last level iTLB entries: 4KB 48, 2MB 0, 4MB 0
[    0.881475] Last level dTLB entries: 4KB 256, 2MB 16, 4MB 16, 1GB 0
[    0.888928] Spectre V1 : Mitigation: usercopy/swapgs barriers and __user pointer sanitization
[    0.898941] Spectre V2 : Mitigation: Full generic retpoline
[    0.905526] Spectre V2 : Spectre v2 / SpectreRSB mitigation: Filling RSB on context switch
[    0.916100] MDS: Vulnerable: Clear CPU buffers attempted, no microcode
[    1.041650] Freeing SMP alternatives memory: 36K
[    1.081351] ftrace: allocating 32380 entries in 127 pages
[    1.362790] smpboot: APIC(0) Converting physical 0 to logical package 0
[    1.370794] smpboot: Max logical packages: 1
[    1.378332] x2apic enabled
[    1.383484] Switched APIC routing to physical x2apic.
[    1.395637] ..TIMER: vector=0x30 apic1=0 pin1=2 apic2=-1 pin2=-1
[    1.510588] smpboot: CPU0: Intel(R) Atom(TM) x5-Z8350  CPU @ 1.44GHz (family: 0x6, model: 0x4c, stepping: 0x4)
[    1.523348] Performance Events: unsupported p6 CPU model 76 no PMU driver, software events only.
[    1.581076] KVM setup paravirtual spinlock
[    1.588037] x86: Booted up 1 node, 1 CPUs
[    1.593231] smpboot: Total of 1 processors activated (2879.90 BogoMIPS)
[    1.602352] devtmpfs: initialized
[    1.615899] evm: security.selinux
[    1.620618] evm: security.SMACK64
[    1.625256] evm: security.SMACK64EXEC
[    1.630277] evm: security.SMACK64TRANSMUTE
[    1.636115] evm: security.SMACK64MMAP
[    1.642059] evm: security.ima
[    1.650914] evm: security.capability
[    1.659935] clocksource: jiffies: mask: 0xffffffff max_cycles: 0xffffffff, max_idle_ns: 7645041785100000 ns
[    1.671799] futex hash table entries: 256 (order: 2, 16384 bytes)
[    1.678962] pinctrl core: initialized pinctrl subsystem
[    1.685522] RTC time: 18:31:16, date: 11/17/24
[    1.691751] NET: Registered protocol family 16
[    1.698293] cpuidle: using governor ladder
[    1.703622] cpuidle: using governor menu
[    1.708987] PCCT header not found.
[    1.714841] ACPI: bus type PCI registered
[    1.719843] acpiphp: ACPI Hot Plug PCI Controller Driver version: 0.5
[    1.727425] PCI: Using configuration type 1 for base access
[    1.738099] ACPI: Added _OSI(Module Device)
[    1.743254] ACPI: Added _OSI(Processor Device)
[    1.748637] ACPI: Added _OSI(3.0 _SCP Extensions)
[    1.754160] ACPI: Added _OSI(Processor Aggregator Device)
[    1.762890] ACPI: Executed 1 blocks of module-level executable AML code
[    1.777887] ACPI: Interpreter enabled
[    1.782633] ACPI: (supports S0 S5)
[    1.787046] ACPI: Using IOAPIC for interrupt routing
[    1.793685] PCI: Using host bridge windows from ACPI; if necessary, use "pci=nocrs" and report a bug
[    1.824330] ACPI: PCI Root Bridge [PCI0] (domain 0000 [bus 00-ff])
[    1.831851] acpi PNP0A03:00: _OSC: OS supports [ASPM ClockPM Segments MSI]
[    1.840990] acpi PNP0A03:00: _OSC: not requesting OS control; OS requires [ExtendedConfig ASPM ClockPM MSI]
[    1.852878] acpi PNP0A03:00: fail to add MMCONFIG information, can't access extended PCI configuration space under this bridge.
[    1.867414] PCI host bridge to bus 0000:00
[    1.872971] pci_bus 0000:00: root bus resource [io  0x0000-0x0cf7 window]
[    1.881025] pci_bus 0000:00: root bus resource [io  0x0d00-0xffff window]
[    1.888727] pci_bus 0000:00: root bus resource [mem 0x000a0000-0x000bffff window]
[    1.898312] pci_bus 0000:00: root bus resource [mem 0x0e400000-0xfdffffff window]
[    1.908096] pci_bus 0000:00: root bus resource [bus 00-ff]
[    1.923175] pci 0000:00:01.1: legacy IDE quirk: reg 0x10: [io  0x01f0-0x01f7]
[    1.930739] pci 0000:00:01.1: legacy IDE quirk: reg 0x14: [io  0x03f6]
[    1.938091] pci 0000:00:01.1: legacy IDE quirk: reg 0x18: [io  0x0170-0x0177]
[    1.945835] pci 0000:00:01.1: legacy IDE quirk: reg 0x1c: [io  0x0376]
[    1.997727] pci 0000:00:07.0: quirk: [io  0x4000-0x403f] claimed by PIIX4 ACPI
[    2.007710] pci 0000:00:07.0: quirk: [io  0x4100-0x410f] claimed by PIIX4 SMB
[    2.045634] ACPI: PCI Interrupt Link [LNKA] (IRQs 5 9 10 *11)
[    2.056153] ACPI: PCI Interrupt Link [LNKB] (IRQs 5 9 *10 11)
[    2.066413] ACPI: PCI Interrupt Link [LNKC] (IRQs 5 *9 10 11)
[    2.075616] ACPI: PCI Interrupt Link [LNKD] (IRQs 5 9 10 *11)
[    2.084811] ACPI: Enabled 2 GPEs in block 00 to 07
[    2.153326] vgaarb: setting as boot device: PCI:0000:00:02.0
[    2.159866] vgaarb: device added: PCI:0000:00:02.0,decodes=io+mem,owns=io+mem,locks=none
[    2.169363] vgaarb: loaded
[    2.173360] vgaarb: bridge control possible 0000:00:02.0
[    2.180306] SCSI subsystem initialized
[    2.185349] ACPI: bus type USB registered
[    2.190417] usbcore: registered new interface driver usbfs
[    2.196603] usbcore: registered new interface driver hub
[    2.202732] usbcore: registered new device driver usb
[    2.209052] PCI: Using ACPI for IRQ routing
[    2.215815] NetLabel: Initializing
[    2.220541] NetLabel:  domain hash size = 128
[    2.225764] NetLabel:  protocols = UNLABELED CIPSOv4
[    2.231789] NetLabel:  unlabeled traffic allowed by default
[    2.238371] amd_nb: Cannot enumerate AMD northbridges
[    2.244336] clocksource: Switched to clocksource kvm-clock
[    2.271506] AppArmor: AppArmor Filesystem Enabled
[    2.277373] pnp: PnP ACPI init
[    2.286124] pnp: PnP ACPI: found 3 devices
[    2.302991] clocksource: acpi_pm: mask: 0xffffff max_cycles: 0xffffff, max_idle_ns: 2085701024 ns
[    2.313536] NET: Registered protocol family 2
[    2.319332] TCP established hash table entries: 2048 (order: 2, 16384 bytes)
[    2.327160] TCP bind hash table entries: 2048 (order: 3, 32768 bytes)
[    2.334281] TCP: Hash tables configured (established 2048 bind 2048)
[    2.341390] UDP hash table entries: 256 (order: 1, 8192 bytes)
[    2.348308] UDP-Lite hash table entries: 256 (order: 1, 8192 bytes)
[    2.355890] NET: Registered protocol family 1
[    2.361254] pci 0000:00:00.0: Limiting direct PCI/PCI transfers
[    2.368463] pci 0000:00:01.0: Activating ISA DMA hang workarounds
[    2.376214] Unpacking initramfs...
[    2.979142] Freeing initrd memory: 14888K
[    2.985480] clocksource: tsc: mask: 0xffffffffffffffff max_cycles: 0x14c18f67c3a, max_idle_ns: 440795268761 ns
[    2.998121] platform rtc_cmos: registered platform RTC device (no PNP device found)
[    3.008199] Scanning for low memory corruption every 60 seconds
[    3.016957] audit: initializing netlink subsys (disabled)
[    3.023772] audit: type=2000 audit(1731868283.258:1): initialized
[    3.035489] Initialise system trusted keyring
[    3.041526] HugeTLB registered 2 MB page size, pre-allocated 0 pages
[    3.053251] zbud: loaded
[    3.058248] VFS: Disk quotas dquot_6.6.0
[    3.063895] VFS: Dquot-cache hash table entries: 512 (order 0, 4096 bytes)
[    3.072965] squashfs: version 4.0 (2009/01/31) Phillip Lougher
[    3.081711] fuse init (API version 7.23)
[    3.087932] Key type big_key registered
[    3.093021] Allocating IMA MOK and blacklist keyrings.
[    3.101075] Key type asymmetric registered
[    3.106826] Asymmetric key parser 'x509' registered
[    3.113211] Block layer SCSI generic (bsg) driver version 0.4 loaded (major 249)
[    3.123348] io scheduler noop registered
[    3.128764] io scheduler deadline registered (default)
[    3.135104] io scheduler cfq registered
[    3.140868] pci_hotplug: PCI Hot Plug PCI Core version: 0.5
[    3.148508] pciehp: PCI Express Hot Plug Controller Driver version: 0.4
[    3.156884] ACPI: AC Adapter [AC] (on-line)
[    3.162312] input: Power Button as /devices/LNXSYSTM:00/LNXPWRBN:00/input/input0
[    3.171930] ACPI: Power Button [PWRF]
[    3.176959] input: Sleep Button as /devices/LNXSYSTM:00/LNXSLPBN:00/input/input1
[    3.186296] ACPI: Sleep Button [SLPF]
[    3.194671] ACPI: Battery Slot [BAT0] (battery present)
[    3.202242] GHES: HEST is not enabled!
[    3.208251] Serial: 8250/16550 driver, 32 ports, IRQ sharing enabled
[    3.240104] 00:02: ttyS0 at I/O 0x3f8 (irq = 4, base_baud = 115200) is a 16550A
[    3.254433] Linux agpgart interface v0.103
[    3.264704] loop: module loaded
[    3.271482] scsi host0: ata_piix
[    3.276649] scsi host1: ata_piix
[    3.281435] ata1: PATA max UDMA/33 cmd 0x1f0 ctl 0x3f6 bmdma 0xd000 irq 14
[    3.289319] ata2: PATA max UDMA/33 cmd 0x170 ctl 0x376 bmdma 0xd008 irq 15
[    3.299341] libphy: Fixed MDIO Bus: probed
[    3.304909] tun: Universal TUN/TAP device driver, 1.6
[    3.311019] tun: (C) 1999-2004 Max Krasnyansky <maxk@qualcomm.com>
[    3.318381] PPP generic driver version 2.4.2
[    3.324209] ehci_hcd: USB 2.0 'Enhanced' Host Controller (EHCI) Driver
[    3.331569] ehci-pci: EHCI PCI platform driver
[    3.338678] ehci-platform: EHCI generic platform driver
[    3.345529] ohci_hcd: USB 1.1 'Open' Host Controller (OHCI) Driver
[    3.352795] ohci-pci: OHCI PCI platform driver
[    3.359211] ohci-platform: OHCI generic platform driver
[    3.365676] uhci_hcd: USB Universal Host Controller Interface driver
[    3.374290] i8042: PNP: PS/2 Controller [PNP0303:PS2K,PNP0f03:PS2M] at 0x60,0x64 irq 1,12
[    3.389619] serio: i8042 KBD port at 0x60,0x64 irq 1
[    3.396506] serio: i8042 AUX port at 0x60,0x64 irq 12
[    3.404245] mousedev: PS/2 mouse device common for all mice
[    3.413293] input: AT Translated Set 2 keyboard as /devices/platform/i8042/serio0/input/input2
[    3.425954] rtc_cmos rtc_cmos: rtc core: registered rtc_cmos as rtc0
[    3.434110] rtc_cmos rtc_cmos: alarms up to one day, 114 bytes nvram
[    3.441706] i2c /dev entries driver
[    3.446501] device-mapper: uevent: version 1.0.3
[    3.491284] device-mapper: ioctl: 4.34.0-ioctl (2015-10-28) initialised: dm-devel@redhat.com
[    3.502131] ledtrig-cpu: registered to indicate activity on CPUs
[    3.510592] NET: Registered protocol family 10
[    3.517297] NET: Registered protocol family 17
[    3.523260] Key type dns_resolver registered
[    3.529802] registered taskstats version 1
[    3.535606] Loading compiled-in X.509 certificates
[    3.544438] Loaded X.509 cert 'Build time autogenerated kernel key: cf00e047681d67edb2720680708b7d9498083038'
[    3.555561] zswap: loaded using pool lzo/zbud
[    3.570362] Key type trusted registered
[    3.592822] Key type encrypted registered
[    3.597777] AppArmor: AppArmor sha1 policy hashing enabled
[    3.604171] ima: No TPM chip found, activating TPM-bypass!
[    3.610414] ima: Allocated hash algorithm: sha1
[    3.616057] evm: HMAC attrs: 0x1
[    3.621966]   Magic number: 0:696:544
[    3.626860] tty ttyS20: hash matches
[    3.632264] rtc_cmos rtc_cmos: setting system clock to 2024-11-17 18:31:18 UTC (1731868278)
[    3.642298] BIOS EDD facility v0.16 2004-Jun-25, 0 devices found
[    3.649742] EDD information not available.
[    3.659724] Freeing unused kernel memory: 1492K
[    3.665731] Write protecting the kernel read-only data: 14336k
[    3.674001] Freeing unused kernel memory: 1584K
[    3.679907] Freeing unused kernel memory: 52K
Loading, please wait...
starting version 229
[    3.751671] random: systemd-udevd: uninitialized urandom read (16 bytes read, 3 bits of entropy available)
[    3.767276] random: udevadm: uninitialized urandom read (16 bytes read, 3 bits of entropy available)
[    3.778921] random: systemd-udevd: uninitialized urandom read (16 bytes read, 3 bits of entropy available)
[    3.789893] random: udevadm: uninitialized urandom read (16 bytes read, 3 bits of entropy available)
[    3.800578] random: systemd-udevd: uninitialized urandom read (16 bytes read, 3 bits of entropy available)
[    3.820600] random: systemd-udevd: uninitialized urandom read (16 bytes read, 3 bits of entropy available)
[    3.882658] random: systemd-udevd: uninitialized urandom read (16 bytes read, 3 bits of entropy available)
[    3.904590] random: systemd-udevd: uninitialized urandom read (16 bytes read, 3 bits of entropy available)
[    3.923225] random: udevadm: uninitialized urandom read (16 bytes read, 3 bits of entropy available)
[    3.933838] random: systemd-udevd: uninitialized urandom read (16 bytes read, 3 bits of entropy available)
[    4.435474] Fusion MPT base driver 3.04.20
[    4.440822] Copyright (c) 1999-2008 LSI Corporation
[    4.452133] e1000: Intel(R) PRO/1000 Network Driver - version 7.3.21-k8-NAPI
[    4.459985] e1000: Copyright (c) 1999-2006 Intel Corporation.
[    4.577953] Fusion MPT SPI Host driver 3.04.20
[    4.723557] input: ImExPS/2 Generic Explorer Mouse as /devices/platform/i8042/serio1/input/input4
[    4.784301] SSE version of gcm_enc/dec engaged.
[    5.461778] e1000 0000:00:03.0 eth0: (PCI:33MHz:32-bit) 02:be:82:6b:cc:1d
[    5.469501] e1000 0000:00:03.0 eth0: Intel(R) PRO/1000 Network Connection
[    5.478723] mptbase: ioc0: Initiating bringup
[    5.553433] ioc0: LSI53C1030 A0: Capabilities={Initiator}
[    5.727319] scsi host2: ioc0: LSI53C1030 A0, FwRev=00000000h, Ports=1, MaxQ=256, IRQ=20
[    5.853012] scsi 2:0:0:0: Direct-Access     VBOX     HARDDISK         1.0  PQ: 0 ANSI: 5
[    5.864921] scsi target2:0:0: Beginning Domain Validation
[    5.875283] scsi target2:0:0: Domain Validation skipping write tests
[    5.882319] scsi target2:0:0: Ending Domain Validation
[    5.905482] scsi target2:0:0: asynchronous
[    5.946269] scsi 2:0:1:0: Direct-Access     VBOX     HARDDISK         1.0  PQ: 0 ANSI: 5
[    5.974479] scsi target2:0:1: Beginning Domain Validation
[    6.085309] scsi target2:0:1: Domain Validation skipping write tests
[    6.092983] scsi target2:0:1: Ending Domain Validation
[    6.109626] scsi target2:0:1: asynchronous
[    6.403684] sd 2:0:0:0: Attached scsi generic sg0 type 0
[    6.410301] sd 2:0:0:0: [sda] 83886080 512-byte logical blocks: (42.9 GB/40.0 GiB)
[    6.431164] sd 2:0:1:0: [sdb] 20480 512-byte logical blocks: (10.5 MB/10.0 MiB)
[    6.441032] sd 2:0:1:0: Attached scsi generic sg1 type 0
[    6.448191] sd 2:0:0:0: [sda] Write Protect is off
[    6.456509] sd 2:0:1:0: [sdb] Write Protect is off
[    6.471850] sd 2:0:0:0: [sda] Incomplete mode parameter data
[    6.539068] sd 2:0:0:0: [sda] Assuming drive cache: write through
[    6.546735] sd 2:0:1:0: [sdb] Incomplete mode parameter data
[    6.553235] sd 2:0:1:0: [sdb] Assuming drive cache: write through
[    6.674491] sd 2:0:1:0: [sdb] Attached SCSI disk
[    6.680664]  sda: sda1
[    6.695556] sd 2:0:0:0: [sda] Attached SCSI disk
[    6.830803] e1000 0000:00:08.0 eth1: (PCI:33MHz:32-bit) 08:00:27:f6:10:bd
[    6.838505] e1000 0000:00:08.0 eth1: Intel(R) PRO/1000 Network Connection
[    6.859442] e1000 0000:00:08.0 enp0s8: renamed from eth1
[    6.869346] e1000 0000:00:03.0 enp0s3: renamed from eth0
Begin: Loading essential drivers ... [    9.990928] md: linear personality registered for level -1
[   10.011495] md: multipath personality registered for level -4
[   10.034790] md: raid0 personality registered for level 0
[   10.059902] md: raid1 personality registered for level 1
[   10.156418] raid6: sse2x1   gen()  1944 MB/s
[   10.228404] raid6: sse2x1   xor()  1763 MB/s
[   10.300475] raid6: sse2x2   gen()   473 MB/s
[   10.368400] raid6: sse2x2   xor()  2099 MB/s
[   10.436425] raid6: sse2x4   gen()  1513 MB/s
[   10.508408] raid6: sse2x4   xor()   899 MB/s
[   10.514184] raid6: using algorithm sse2x1 gen() 1944 MB/s
[   10.520444] raid6: .... xor() 1763 MB/s, rmw enabled
[   10.526494] raid6: using ssse3x2 recovery algorithm
[   10.539977] xor: measuring software checksum speed
[   10.584433]    prefetch64-sse:  4819.000 MB/sec
[   10.628441]    generic_sse:  4387.000 MB/sec
[   10.634435] xor: using function: prefetch64-sse (4819.000 MB/sec)
[   10.650344] async_tx: api initialized (async)
[   10.723375] md: raid6 personality registered for level 6
[   10.729782] md: raid5 personality registered for level 5
[   10.735855] md: raid4 personality registered for level 4
[   10.775928] md: raid10 personality registered for level 10
done.
Begin: Running /scripts/init-premount ... done.
Begin: Mounting root file system ... Begin: Running /scripts/local-top ... done.
Begin: Running /scripts/local-premount ... [   10.941386] Btrfs loaded
Scanning for Btrfs filesystems
done.
Warning: fsck not present, so skipping root file system
[   11.162261] EXT4-fs (sda1): INFO: recovery required on readonly filesystem
[   11.170696] EXT4-fs (sda1): write access will be enabled during recovery
[   11.972849] EXT4-fs (sda1): recovery complete
[   11.978895] EXT4-fs (sda1): mounted filesystem with ordered data mode. Opts: (null)
done.
Begin: Running /scripts/local-bottom ... done.
Begin: Running /scripts/init-bottom ... [   12.186382] random: nonblocking pool is initialized
done.
[   12.971609] systemd[1]: systemd 229 running in system mode. (+PAM +AUDIT +SELINUX +IMA +APPARMOR +SMACK +SYSVINIT +UTMP +LIBCRYPTSETUP +GCRYPT +GNUTLS +ACL +XZ -LZ4 +SECCOMP +BLKID +ELFUTILS +KMOD -IDN)
[   12.991244] systemd[1]: Detected virtualization oracle.
[   12.997966] systemd[1]: Detected architecture x86-64.

Welcome to [1mUbuntu 16.04.7 LTS[0m!

[   13.053257] systemd[1]: Set hostname to <node1>.
[   14.409440] systemd[1]: Listening on LVM2 poll daemon socket.
[[0;32m  OK  [0m] Listening on LVM2 poll daemon socket.
[   14.423524] systemd[1]: Listening on /dev/initctl Compatibility Named Pipe.
[[0;32m  OK  [0m] Listening on /dev/initctl Compatibility Named Pipe.
[   14.439260] systemd[1]: Listening on Journal Socket (/dev/log).
[[0;32m  OK  [0m] Listening on Journal Socket (/dev/log).
[   14.451801] systemd[1]: Listening on udev Control Socket.
[[0;32m  OK  [0m] Listening on udev Control Socket.
[   14.463667] systemd[1]: Listening on Syslog Socket.
[[0;32m  OK  [0m] Listening on Syslog Socket.
[   14.474586] systemd[1]: Reached target Swap.
[[0;32m  OK  [0m] Reached target Swap.
[   14.484889] systemd[1]: Started Trigger resolvconf update for networkd DNS.
[[0;32m  OK  [0m] Started Trigger resolvconf update for networkd DNS.
[   14.499429] systemd[1]: Listening on Journal Audit Socket.
[[0;32m  OK  [0m] Listening on Journal Audit Socket.
[   14.513112] systemd[1]: Created slice System Slice.
[[0;32m  OK  [0m] Created slice System Slice.
[   14.524127] systemd[1]: Reached target Encrypted Volumes.
[[0;32m  OK  [0m] Reached target Encrypted Volumes.
[   14.536019] systemd[1]: Reached target System Time Synchronized.
[[0;32m  OK  [0m] Reached target System Time Synchronized.
[   14.548717] systemd[1]: Listening on udev Kernel Socket.
[[0;32m  OK  [0m] Listening on udev Kernel Socket.
[   14.560553] systemd[1]: Listening on Journal Socket.
[[0;32m  OK  [0m] Listening on Journal Socket.
[   14.575192] systemd[1]: Starting Uncomplicated firewall...
         Starting Uncomplicated firewall...
[   14.598081] systemd[1]: Starting Nameserver information manager...
         Starting Nameserver information manager...
[   14.637081] systemd[1]: Starting Journal Service...
         Starting Journal Service...
[   14.659314] systemd[1]: Starting Set console keymap...
         Starting Set console keymap...
[   14.683960] systemd[1]: Mounting Debug File System...
         Mounting Debug File System...
[   14.710003] systemd[1]: Mounting Huge Pages File System...
         Mounting Huge Pages File System...
[   14.744175] systemd[1]: Mounting POSIX Message Queue File System...
         Mounting POSIX Message Queue File System...
[   14.793705] systemd[1]: Reached target User and Group Name Lookups.
[[0;32m  OK  [0m] Reached target User and Group Name Lookups.
[   14.828997] systemd[1]: Starting Create list of required static device nodes for the current kernel...
         Starting Create list of required st... nodes for the current kernel...
[   14.864735] systemd[1]: Listening on LVM2 metadata daemon socket.
[[0;32m  OK  [0m] Listening on LVM2 metadata daemon socket.
[   14.952270] systemd[1]: Starting Load Kernel Modules...
         Starting Load Kernel Modules...
[   14.980791] systemd[1]: Created slice User and Session Slice.
[[0;32m  OK  [0m] Created slice User and Session Slice.
[   15.008635] systemd[1]: Reached target Slices.
[[0;32m  OK  [0m] Reached target Slices.
[   15.029797] systemd[1]: Listening on Device-mapper event daemon FIFOs.
[[0;32m  OK  [0m] Listening on Device-mapper event daemon FIFOs.
[   15.069634] systemd[1]: Starting Monitoring of LVM2 mirrors, snapshots etc. using dmeventd or progress polling...
         Starting Monitoring of LVM2 mirrors... dmeventd or progress polling...
[   15.117293] systemd[1]: Started Forward Password Requests to Wall Directory Watch.
[   15.132776] Loading iSCSI transport class v2.0-870.
[[0;32m  OK  [0m] Started Forward Password Requests to Wall Directory Watch.
[   15.151980] systemd[1]: Set up automount Arbitrary Executable File Formats File System Automount Point.
[[0;32m  OK  [0m] Set up automount Arbitrary Executab...ats File System Automount Point.
[   15.267655] systemd[1]: Created slice system-serial\x2dgetty.slice.
[   15.281376] iscsi: registered transport (tcp)
[[0;32m  OK  [0m] Created slice system-serial\x2dgetty.slice.
[   15.297675] systemd[1]: Listening on fsck to fsckd communication Socket.
[[0;32m  OK  [0m] Listening on fsck to fsckd communication Socket.
[   15.337661] systemd[1]: Starting File System Check on Root Device...
         Starting File System Check on Root Device...
[   15.386652] systemd[1]: Mounted Huge Pages File System.
[[0;32m  OK  [0m] Mounted Huge Pages File System.
[   15.418732] systemd[1]: Mounted POSIX Message Queue File System.
[[0;32m  OK  [0m] Mounted POSIX Message Queue File System.
[   15.444402] systemd[1]: Mounted Debug File System.
[[0;32m  OK  [0m] Mounted Debug File System.
[   15.469985] systemd[1]: Started Journal Service.
[[0;32m  OK  [0m] Started Journal Service.
[[0;32m  OK  [0m] Started Uncomplicated firewall.
[[0;32m  OK  [0m] Started Create list of required sta...ce nodes for the current kernel.
[[0;32m  OK  [0m] Started Nameserver information manager.
[[0;32m  OK  [0m] Started File System Check Daemon to report status.
[[0;32m  OK  [0m] Started LVM2 metadata daemon.
         Starting Create Static Device Nodes in /dev...
[[0;32m  OK  [0m] Started File System Check on Root Device.
         Starting Remount Root and Kernel File Systems...
[   15.874488] iscsi: registered transport (iser)
[   15.896986] EXT4-fs (sda1): re-mounted. Opts: (null)
[[0;32m  OK  [0m] Started Load Kernel Modules.
         Starting Apply Kernel Variables...
         Mounting FUSE Control File System...
[[0;32m  OK  [0m] Started Remount Root and Kernel File Systems.
         Starting Load/Save Random Seed...
         Starting udev Coldplug all Devices...
         Starting Flush Journal to Persistent Storage...
[[0;32m  OK  [0m] Mounted FUSE Control File System.
[[0;32m  OK  [0m] Started Create Static Device Nodes in /dev.
[[0;32m  OK  [0m] Started Load/Save Random Seed.
         Starting udev Kernel Device Manager...
[[0;32m  OK  [0m] Started Apply Kernel Variables.
[[0;32m  OK  [0m] Started Flush Journal to Persistent Storage.
[[0;32m  OK  [0m] Started Monitoring of LVM2 mirrors,...ng dmeventd or progress polling.
[[0;32m  OK  [0m] Started udev Kernel Device Manager.
[[0;32m  OK  [0m] Started Set console keymap.
[[0;32m  OK  [0m] Reached target Local File Systems (Pre).
[[0;32m  OK  [0m] Reached target Local File Systems.
         Starting Create Volatile Files and Directories...
         Starting LSB: AppArmor initialization...
         Starting Set console font and keymap...
         Starting Tell Plymouth To Write Out Runtime Data...
         Starting Initial cloud-init job (pre-networking)...
[[0;32m  OK  [0m] Started Tell Plymouth To Write Out Runtime Data.
[[0;32m  OK  [0m] Started udev Coldplug all Devices.
[[0;32m  OK  [0m] Started Dispatch Password Requests to Console Directory Watch.
[[0;32m  OK  [0m] Started LSB: AppArmor initialization.
         Starting Load AppArmor profiles managed internally by snapd...
[[0;32m  OK  [0m] Started Load AppArmor profiles managed internally by snapd.
[[0;32m  OK  [0m] Found device /dev/ttyS0.
[[0;32m  OK  [0m] Listening on Load/Save RF Kill Switch Status /dev/rfkill Watch.
[[0;32m  OK  [0m] Found device 82540EM Gigabit Ethern...r (PRO/1000 MT Desktop Adapter).
[[0;32m  OK  [0m] Started Create Volatile Files and Directories.
[[0;32m  OK  [0m] Found device 82540EM Gigabit Ethern...r (PRO/1000 MT Desktop Adapter).
         Starting Update UTMP about System Boot/Shutdown...
[[0;32m  OK  [0m] Started Update UTMP about System Boot/Shutdown.
[[0;32m  OK  [0m] Started Set console font and keymap.
[[0;32m  OK  [0m] Created slice system-getty.slice.
[   29.192164] cloud-init[500]: Cloud-init v. 21.1-19-gbad84ad4-0ubuntu1~16.04.2 running 'init-local' at Sun, 17 Nov 2024 18:31:42 +0000. Up 26.37 seconds.
[[0;32m  OK  [0m] Started Initial cloud-init job (pre-networking).
[[0;32m  OK  [0m] Reached target Network (Pre).
         Starting Raise network interfaces...
[[0;32m  OK  [0m] Started ifup for enp0s3.
[[0;32m  OK  [0m] Started ifup for enp0s8.
[[0;32m  OK  [0m] Started Raise network interfaces.
         Starting Initial cloud-init job (metadata service crawler)...
[[0;32m  OK  [0m] Reached target Network.
[   35.349711] cloud-init[1097]: Cloud-init v. 21.1-19-gbad84ad4-0ubuntu1~16.04.2 running 'init' at Sun, 17 Nov 2024 18:31:49 +0000. Up 33.37 seconds.
[   35.370222] cloud-init[1097]: ci-info: ++++++++++++++++++++++++++++++++++++++Net device info+++++++++++++++++++++++++++++++++++++++
[   35.397446] cloud-init[1097]: ci-info: +--------+------+-----------------------------+---------------+--------+-------------------+
[   35.422363] cloud-init[1097]: ci-info: | Device |  Up  |           Address           |      Mask     | Scope  |     Hw-Address    |
[   35.445271] cloud-init[1097]: ci-info: +--------+------+-----------------------------+---------------+--------+-------------------+
[   35.469299] cloud-init[1097]: ci-info: | enp0s3 | True |          10.0.2.15          | 255.255.255.0 | global | 02:be:82:6b:cc:1d |
[   35.490398] cloud-init[1097]: ci-info: | enp0s3 | True |  fe80::be:82ff:fe6b:cc1d/64 |       .       |  link  | 02:be:82:6b:cc:1d |
[   35.514386] cloud-init[1097]: ci-info: | enp0s8 | True |         192.168.56.6        | 255.255.255.0 | global | 08:00:27:f6:10:bd |
[   35.541390] cloud-init[1097]: ci-info: | enp0s8 | True | fe80::a00:27ff:fef6:10bd/64 |       .       |  link  | 08:00:27:f6:10:bd |
[   35.574523] cloud-init[1097]: ci-info: |   lo   | True |          127.0.0.1          |   255.0.0.0   |  host  |         .         |
[   35.601341] cloud-init[1097]: ci-info: |   lo   | True |           ::1/128           |       .       |  host  |         .         |
[   35.625252] cloud-init[1097]: ci-info: +--------+------+-----------------------------+---------------+--------+-------------------+
[   35.646288] cloud-init[1097]: ci-info: ++++++++++++++++++++++++++++Route IPv4 info++++++++++++++++++++++++++++
[   35.669169] cloud-init[1097]: ci-info: +-------+--------------+----------+---------------+-----------+-------+
[   35.690175] cloud-init[1097]: ci-info: | Route | Destination  | Gateway  |    Genmask    | Interface | Flags |
[   35.710311] cloud-init[1097]: ci-info: +-------+--------------+----------+---------------+-----------+-------+
[   35.734252] cloud-init[1097]: ci-info: |   0   |   0.0.0.0    | 10.0.2.2 |    0.0.0.0    |   enp0s3  |   UG  |
[   35.754413] cloud-init[1097]: ci-info: |   1   |   10.0.2.0   | 0.0.0.0  | 255.255.255.0 |   enp0s3  |   U   |
[   35.774211] cloud-init[1097]: ci-info: |   2   | 192.168.56.0 | 0.0.0.0  | 255.255.255.0 |   enp0s8  |   U   |
[   35.798428] cloud-init[1097]: ci-info: +-------+--------------+----------+---------------+-----------+-------+
[   35.825221] cloud-init[1097]: ci-info: +++++++++++++++++++Route IPv6 info+++++++++++++++++++
[   35.841849] cloud-init[1097]: ci-info: +-------+-------------+---------+-----------+-------+
[   35.862480] cloud-init[1097]: ci-info: | Route | Destination | Gateway | Interface | Flags |
[   35.882127] cloud-init[1097]: ci-info: +-------+-------------+---------+-----------+-------+
[   35.901233] cloud-init[1097]: ci-info: |   0   |  fe80::/64  |    ::   |   enp0s8  |   U   |
[   35.917692] cloud-init[1097]: ci-info: |   1   |  fe80::/64  |    ::   |   enp0s3  |   U   |
[   35.937248] cloud-init[1097]: ci-info: |   6   |   ff00::/8  |    ::   |   enp0s8  |   U   |
[   35.953628] cloud-init[1097]: ci-info: |   7   |   ff00::/8  |    ::   |   enp0s3  |   U   |[[0;32m  OK  [0m] 
[   35.974006] cloud-init[1097]: Started Initial cloud-init job (metadata service crawler).
ci-info: +-------+-------------+---------+-----------+-------+
[[0;32m  OK  [0m] Reached target System Initialization.
[[0;32m  OK  [0m] Started Daily apt download activities.
[[0;32m  OK  [0m] Started Daily apt upgrade and clean activities.
[[0;32m  OK  [0m] Started ACPI Events Check.
[[0;32m  OK  [0m] Reached target Paths.
         Starting Socket activation for snappy daemon.
[[0;32m  OK  [0m] Listening on UUID daemon activation socket.
[[0;32m  OK  [0m] Listening on D-Bus System Message Bus Socket.
         Starting LXD - unix socket.
[[0;32m  OK  [0m] Started Message of the Day.
[[0;32m  OK  [0m] Started Ubuntu Advantage update messaging.
[[0;32m  OK  [0m] Started Daily Cleanup of Temporary Directories.
[[0;32m  OK  [0m] Reached target Timers.
[[0;32m  OK  [0m] Listening on ACPID Listen Socket.
[[0;32m  OK  [0m] Reached target Cloud-config availability.
[[0;32m  OK  [0m] Reached target Network is Online.
         Starting iSCSI initiator daemon (iscsid)...
[[0;32m  OK  [0m] Listening on Socket activation for snappy daemon.
[[0;32m  OK  [0m] Listening on LXD - unix socket.
[[0;32m  OK  [0m] Reached target Sockets.
[[0;32m  OK  [0m] Reached target Basic System.
         Starting Accounts Service...
[[0;32m  OK  [0m] Started D-Bus System Message Bus.
         Starting Message of the Day...
[[0;32m  OK  [0m] Started Deferred execution scheduler.
         Starting /etc/rc.local Compatibility...
         Starting Ubuntu Advantage APT and MOTD Messages...
[[0;32m  OK  [0m] Started ACPI event daemon.
[[0;32m  OK  [0m] Started FUSE filesystem for LXC.
         Starting Login Service...
         Starting System Logging Service...
         Starting OpenBSD Secure Shell server...
         Starting LSB: MD monitoring daemon...
         Starting A high performance web server and a reverse proxy server...
[[0;32m  OK  [0m] Started Regular background program processing daemon.
         Starting Virtualbox guest utils...
         Starting LSB: Record successful boot for GRUB...
         Starting LXD - container startup/shutdown...
         Starting Snap Daemon...
[[0;32m  OK  [0m] Started iSCSI initiator daemon (iscsid).
[[0;32m  OK  [0m] Started Message of the Day.
[[0;32m  OK  [0m] Started /etc/rc.local Compatibility.
[[0;32m  OK  [0m] Started Login Service.
[[0;32m  OK  [0m] Started Unattended Upgrades Shutdown.
         Starting Authenticate and Authorize Users to Run Privileged Tasks...
         Starting Login to default iSCSI targets...
[[0;32m  OK  [0m] Started System Logging Service.
[[0;32m  OK  [0m] Started LSB: Record successful boot for GRUB.
[[0;32m  OK  [0m] Started LSB: MD monitoring daemon.
[[0;32m  OK  [0m] Started Login to default iSCSI targets.
[[0;32m  OK  [0m] Reached target Remote File Systems (Pre).
         Mounting /vagrant...
[[0;32m  OK  [0m] Started Authenticate and Authorize Users to Run Privileged Tasks.
[[0;32m  OK  [0m] Started Accounts Service.
[[0;32m  OK  [0m] Started OpenBSD Secure Shell server.
[[0;1;31mFAILED[0m] Failed to mount /vagrant.
See 'systemctl status vagrant.mount' for details.
[[0;1;33mDEPEND[0m] Dependency failed for Remote File Systems.
         Starting Permit User Sessions...
         Starting LSB: Set the CPU Frequency Scaling governor to "ondemand"...
         Starting LSB: automatic crash report generation...
         Starting LSB: daemon to balance interrupts for SMP systems...
[[0;32m  OK  [0m] Started Permit User Sessions.
         Starting Hold until boot process finishes up...
         Starting Terminate Plymouth Boot Screen...
[[0;32m  OK  [0m] Started Hold until boot process finishes up.
         Starting Set console scheme...
[[0;32m  OK  [0m] Started Serial Getty on ttyS0.
[[0;32m  OK  [0m] Started Getty on tty1.
[[0;32m  OK  [0m] Reached target Login Prompts.
[[0;32m  OK  [0m] Started Terminate Plymouth Boot Screen.
[[0;32m  OK  [0m] Started Set console scheme.
[[0;32m  OK  [0m] Started LSB: Set the CPU Frequency Scaling governor to "ondemand".
[[0;32m  OK  [0m] Started Virtualbox guest utils.
[[0;32m  OK  [0m] Started LSB: automatic crash report generation.
[[0;32m  OK  [0m] Started LSB: daemon to balance interrupts for SMP systems.
[[0;32m  OK  [0m] Created slice User Slice of vagrant.
[[0;32m  OK  [0m] Started A high performance web server and a reverse proxy server.
[[0;32m  OK  [0m] Started Session 1 of user vagrant.
         Starting User Manager for UID 1000...
[[0;32m  OK  [0m] Started LXD - container startup/shutdown.
[[0;32m  OK  [0m] Started User Manager for UID 1000.
[[0;32m  OK  [0m] Started Ubuntu Advantage APT and MOTD Messages.
[[0;32m  OK  [0m] Started Snap Daemon.
         Starting Wait until snapd is fully seeded...
[[0;32m  OK  [0m] Started Wait until snapd is fully seeded.
[[0;32m  OK  [0m] Reached target Multi-User System.
[[0;32m  OK  [0m] Reached target Graphical Interface.
         Starting Update UTMP about System Runlevel Changes...
         Starting Apply the settings specified in cloud-config...
[[0;32m  OK  [0m] Started Update UTMP about System Runlevel Changes.

Ubuntu 16.04.7 LTS node1 ttyS0

node1 login: [   50.739800] cloud-init[1441]: Cloud-init v. 21.1-19-gbad84ad4-0ubuntu1~16.04.2 running 'modules:config' at Sun, 17 Nov 2024 18:32:05 +0000. Up 49.54 seconds.
[   55.945056] cloud-init[1550]: Cloud-init v. 21.1-19-gbad84ad4-0ubuntu1~16.04.2 running 'modules:final' at Sun, 17 Nov 2024 18:32:11 +0000. Up 54.93 seconds.
[   55.972170] cloud-init[1550]: Cloud-init v. 21.1-19-gbad84ad4-0ubuntu1~16.04.2 finished at Sun, 17 Nov 2024 18:32:12 +0000. Datasource DataSourceNoCloud [seed=/dev/sdb][dsmode=net].  Up 55.89 seconds
[[0;32m  OK  [0m] Stopped Unattended Upgrades Shutdown.
         Stopping User Manager for UID 1000...
[[0;32m  OK  [0m] Closed Load/Save RF Kill Switch Status /dev/rfkill Watch.
[[0;32m  OK  [0m] Stopped target Cloud-init target.
[[0;32m  OK  [0m] Stopped Execute cloud user/final scripts.
         Stopping Session 10 of user vagrant.
         Stopping Authenticate and Authorize Users to Run Privileged Tasks...
         Unmounting /vagrant...
[[0;32m  OK  [0m] Stopped target Graphical Interface.
         Stopping Accounts Service...
[[0;32m  OK  [0[[0;32m  OK  [0m] Stopped Unattended Upgrades Shutdown.
         Unmounting /vagrant...
         Stopping User Manager for UID 1000...
         Stopping Daemon for generating UUIDs...
         Stopping ACPI event daemon...
[[0;32m  OK  [0m] Closed Load/Save RF Kill Switch Status /dev/rfkill Watch.
         Stopping Authenticate and Authorize Users to Run Privileged Tasks...
         Stopping Session 9 of user vagrant.
[[0;32m  OK  [0m] Stopped target Timers.
[[0;32m  OK  [0m] Stopped Daily apt upgrade and clean activities.
[[0;32m  OK  [0m] Stopped Daily Cleanup of Temporary Directories.
[[0;32m  OK  [0m] Stopped Daily apt download activities.
[[0;32m  OK  [0m] Stopped target Cloud-init target.
[[0;32m  OK  [0m] Stopped Execute cloud user/final scripts.
[[0;32m  OK  [0m] Stopped Apply the settings specified in cloud-config.
[[0;32m  OK  [0m] Stopped target Cloud-config availability.
[[0;32m  OK  [0m] Stopped target Graphical Interface.
[[0;32m  OK  [0m] Stopped target Multi-User System.
         Stopping System Logging Service...
         Stopping Deferred execution scheduler...
         Stopping FUSE filesystem for LXC...
         Stopping LSB: daemon to balance interrupts for SMP systems...
         Stopping LXD - container startup/shutdown...
         Stopping OpenBSD Secure Shell server...
[[0;32m  OK  [0m] Stopped Wait until snapd is fully seeded.
         Stopping Virtualbox guest utils...
[[0;32m  OK  [0m] Stopped target Login Prompts.
         Stopping Getty on tty1...
         Stopping D-Bus System Message Bus...
         Stopping LSB: Record successful boot for GRUB...
         Stopping LSB: Set the CPU Frequency Scaling governor to "ondemand"...
         Stopping Accounts Service...
         Stopping Serial Getty on ttyS0...
         Stopping LSB: MD monitoring daemon...
[[0;32m  OK  [0m] Stopped Ubuntu Advantage update messaging.
         Stopping Regular background program processing daemon...
[[0;32m  OK  [0m] Stopped Message of the Day.
[[0;32m  OK  [0m] Stopped target System Time Synchronized.
         Stopping LSB: automatic crash report generation...
[[0;32m  OK  [0m] Unmounted /var/lib/lxcfs.
[[0;32m  OK  [0m] Stopped Accounts Service.
[[0;32m  OK  [0m] Stopped System Logging Service.
[[0;32m  OK  [0m] Stopped ACPI event daemon.
[[0;32m  OK  [0m] Stopped Deferred execution scheduler.
[[0;32m  OK  [0m] Stopped Regular background program processing daemon.
[[0;32m  OK  [0m] Stopped Authenticate and Authorize Users to Run Privileged Tasks.
[[0;32m  OK  [0m] Stopped OpenBSD Secure Shell server.
[[0;32m  OK  [0m] Stopped Getty on tty1.
[[0;32m  OK  [0m] Stopped Serial Getty on ttyS0.
[[0;32m  OK  [0m] Stopped Daemon for generating UUIDs.
[[0;32m  OK  [0m] Stopped User Manager for UID 1000.
[[0;32m  OK  [0m] Unmounted /vagrant.
[[0;32m  OK  [0m] Stopped Session 9 of user vagrant.
[[0;32m  OK  [0m] Stopped D-Bus System Message Bus.
[[0;32m  OK  [0m] Stopped FUSE filesystem for LXC.
[[0;32m  OK  [0m] Stopped LXD - container startup/shutdown.
[[0;32m  OK  [0m] Stopped target Remote File Systems (Pre).
         Stopping Login to default iSCSI targets...
[[0;32m  OK  [0m] Removed slice User Slice of vagrant.
         Stopping Login Service...
[[0;32m  OK  [0m] Removed slice system-serial\x2dgetty.slice.
[[0;32m  OK  [0m] Removed slice system-getty.slice.
         Stopping Permit User Sessions...
[[0;32m  OK  [0m] Stopped /etc/rc.local Compatibility.
[[0;32m  OK  [0m] Stopped Login Service.
[[0;32m  OK  [0m] Stopped LSB: Record successful boot for GRUB.
[[0;32m  OK  [0m] Stopped LSB: Set the CPU Frequency Scaling governor to "ondemand".
[[0;32m  OK  [0m] Stopped Permit User Sessions.
[[0;32m  OK  [0m] Stopped LSB: MD monitoring daemon.
[[0;32m  OK  [0m] Stopped LSB: automatic crash report generation.
[[0;32m  OK  [0m] Stopped LSB: daemon to balance interrupts for SMP systems.
[[0;32m  OK  [0m] Stopped target User and Group Name Lookups.
[[0;32m  OK  [0m] Stopped Virtualbox guest utils.
[[0;32m  OK  [0m] Stopped target Basic System.
[[0;32m  OK  [0m] Stopped target Paths.
[[0;32m  OK  [0m] Stopped ACPI Events Check.
[[0;32m  OK  [0m] Stopped Forward Password Requests to Wall Directory Watch.
[[0;32m  OK  [0m] Stopped Dispatch Password Requests to Console Directory Watch.
[[0;32m  OK  [0m] Stopped target Sockets.
[[0;32m  OK  [0m] Closed D-Bus System Message Bus Socket.
[[0;32m  OK  [0m] Closed LXD - unix socket.
[[0;32m  OK  [0m] Closed Syslog Socket.
[[0;32m  OK  [0m] Closed ACPID Listen Socket.
[[0;32m  OK  [0m] Closed UUID daemon activation socket.
[[0;32m  OK  [0m] Closed Socket activation for snappy daemon.
[[0;32m  OK  [0m] Stopped target Slices.
[[0;32m  OK  [0m] Removed slice User and Session Slice.
[[0;32m  OK  [0m] Stopped target System Initialization.
[[0;32m  OK  [0m] Stopped target Encrypted Volumes.
[[0;32m  OK  [0m] Stopped target Swap.
         Stopping Load/Save Random Seed...
         Stopping Update UTMP about System Boot/Shutdown...
[[0;32m  OK  [0m] Stopped Load/Save Random Seed.
[[0;32m  OK  [0m] Stopped Update UTMP about System Boot/Shutdown.
[[0;32m  OK  [0m] Stopped Create Volatile Files and Directories.
[[0;32m  OK  [0m] Stopped Login to default iSCSI targets.
         Stopping iSCSI initiator daemon (iscsid)...
[[0;32m  OK  [0m] Stopped iSCSI initiator daemon (iscsid).
[[0;32m  OK  [0m] Stopped target Network is Online.
[[0;32m  OK  [0m] Stopped Initial cloud-init job (metadata service crawler).
[[0;32m  OK  [0m] Stopped target Network.
         Stopping Raise network interfaces...
[[0;32m  OK  [0m] Stopped Raise network interfaces.
[[0;32m  OK  [0m] Stopped Apply Kernel Variables.
[[0;32m  OK  [0m] Stopped Load Kernel Modules.
[[0;32m  OK  [0m] Stopped target Network (Pre).
[[0;32m  OK  [0m] Stopped Initial cloud-init job (pre-networking).
[[0;32m  OK  [0m] Stopped target Local File Systems.
         Unmounting /run/user/1000...
[[0;32m  OK  [0m] Unmounted /run/user/1000.
[[0;32m  OK  [0m] Reached target Unmount All Filesystems.
[[0;32m  OK  [0m] Stopped target Local File Systems (Pre).
[[0;32m  OK  [0m] Stopped Remount Root and Kernel File Systems.
         Stopping Monitoring of LVM2 mirrors... dmeventd or progress polling...
[[0;32m  OK  [0m] Stopped Create Static Device Nodes in /dev.
[[0;32m  OK  [0m] Reached target Shutdown.
[17822.950882] reboot: Power down
